0 info it worked if it ends with ok
1 verbose cli [ '/usr/local/bin/node',
1 verbose cli   '/usr/local/bin/npm',
1 verbose cli   'run',
1 verbose cli   'start-app' ]
2 info using npm@3.10.3
3 info using node@v6.6.0
4 verbose run-script [ 'prestart-app', 'start-app', 'poststart-app' ]
5 info lifecycle app@0.1.0~prestart-app: app@0.1.0
6 silly lifecycle app@0.1.0~prestart-app: no script for prestart-app, continuing
7 info lifecycle app@0.1.0~start-app: app@0.1.0
8 verbose lifecycle app@0.1.0~start-app: unsafe-perm in lifecycle true
9 verbose lifecycle app@0.1.0~start-app: PATH: /usr/local/lib/node_modules/npm/bin/node-gyp-bin:/Users/selby/Documents/inflexion_hrcf/app/node_modules/.bin:/usr/local/bin:/Library/Frameworks/Python.framework/Versions/3.5/bin:/usr/local/openssl/bin:/Users/selby/google-cloud-sdk/bin:/usr/local/bin:/usr/bin:/bin:/usr/sbin:/sbin:/Library/Frameworks/Python.framework/Versions/3.5/bin:/usr/local/openssl/bin:/Users/selby/google-cloud-sdk/bin:/opt/gwt-2.5.1/:/opt/apache-maven-3.3.9/bin:/Users/selby/Documents/sdk/android-sdks/platform-tools:/Users/selby/Documents/sdk/android-sdks/tools:/opt/gwt-2.5.1/:/opt/apache-maven-3.3.9/bin:/Users/selby/Documents/sdk/android-sdks/platform-tools:/Users/selby/Documents/sdk/android-sdks/tools
10 verbose lifecycle app@0.1.0~start-app: CWD: /Users/selby/Documents/inflexion_hrcf/app
11 silly lifecycle app@0.1.0~start-app: Args: [ '-c',
11 silly lifecycle   'react-scripts build && webpack && node ./build/app.bundle.js' ]
12 silly lifecycle app@0.1.0~start-app: Returned: code: 143  signal: null
13 info lifecycle app@0.1.0~start-app: Failed to exec start-app script
14 verbose stack Error: app@0.1.0 start-app: `react-scripts build && webpack && node ./build/app.bundle.js`
14 verbose stack Exit status 143
14 verbose stack     at EventEmitter.<anonymous> (/usr/local/lib/node_modules/npm/lib/utils/lifecycle.js:242:16)
14 verbose stack     at emitTwo (events.js:106:13)
14 verbose stack     at EventEmitter.emit (events.js:191:7)
14 verbose stack     at ChildProcess.<anonymous> (/usr/local/lib/node_modules/npm/lib/utils/spawn.js:40:14)
14 verbose stack     at emitTwo (events.js:106:13)
14 verbose stack     at ChildProcess.emit (events.js:191:7)
14 verbose stack     at maybeClose (internal/child_process.js:877:16)
14 verbose stack     at Process.ChildProcess._handle.onexit (internal/child_process.js:226:5)
15 verbose pkgid app@0.1.0
16 verbose cwd /Users/selby/Documents/inflexion_hrcf/app
17 error Darwin 16.7.0
18 error argv "/usr/local/bin/node" "/usr/local/bin/npm" "run" "start-app"
19 error node v6.6.0
20 error npm  v3.10.3
21 error code ELIFECYCLE
22 error app@0.1.0 start-app: `react-scripts build && webpack && node ./build/app.bundle.js`
22 error Exit status 143
23 error Failed at the app@0.1.0 start-app script 'react-scripts build && webpack && node ./build/app.bundle.js'.
23 error Make sure you have the latest version of node.js and npm installed.
23 error If you do, this is most likely a problem with the app package,
23 error not with npm itself.
23 error Tell the author that this fails on your system:
23 error     react-scripts build && webpack && node ./build/app.bundle.js
23 error You can get information on how to open an issue for this project with:
23 error     npm bugs app
23 error Or if that isn't available, you can get their info via:
23 error     npm owner ls app
23 error There is likely additional logging output above.
24 verbose exit [ 1, true ]
